{
  "RSpec": {
    "coverage": {
      "/Users/nikhil/Desktop/rails/saas/app/models/user.rb": [
        1,
        1,
        1,
        null,
        1,
        null,
        null,
        1,
        null,
        null,
        1,
        1,
        1,
        1,
        null
      ],
      "/Users/nikhil/Desktop/rails/saas/app/models/application_record.rb": [
        1,
        1,
        null
      ],
      "/Users/nikhil/Desktop/rails/saas/app/models/concerns/friendlyable.rb": [
        1,
        1,
        null,
        1,
        4,
        4,
        4,
        null,
        null,
        1,
        278,
        278,
        278,
        null,
        null,
        278,
        null,
        278,
        null,
        null
      ],
      "/Users/nikhil/Desktop/rails/saas/app/helpers/accounts_helper.rb": [
        1,
        null
      ],
      "/Users/nikhil/Desktop/rails/saas/app/helpers/activity_helper.rb": [
        1,
        null
      ],
      "/Users/nikhil/Desktop/rails/saas/app/helpers/application_helper.rb": [
        1,
        1,
        null,
        null,
        null,
        null,
        null,
        12,
        null,
        null,
        1,
        null,
        53,
        12,
        12,
        null,
        12,
        12,
        null,
        null,
        null,
        null,
        null,
        null
      ],
      "/Users/nikhil/Desktop/rails/saas/app/helpers/devise_helper.rb": [
        1,
        1,
        4,
        null,
        4,
        1,
        null,
        null,
        null,
        1,
        null,
        null,
        null,
        null,
        null,
        null,
        1,
        null,
        null
      ],
      "/Users/nikhil/Desktop/rails/saas/app/helpers/standups_helper.rb": [
        1,
        null
      ],
      "/Users/nikhil/Desktop/rails/saas/app/helpers/users_helper.rb": [
        1,
        null
      ],
      "/Users/nikhil/Desktop/rails/saas/app/controllers/accounts_controller.rb": [
        1,
        1,
        1,
        null,
        1,
        4,
        4,
        null,
        null,
        1,
        0,
        null,
        null,
        1,
        0,
        null,
        null,
        1,
        4,
        4,
        2,
        2,
        2,
        2,
        null,
        2,
        null,
        null,
        null,
        1,
        1,
        4,
        null,
        null,
        null,
        null,
        1,
        0,
        0,
        null,
        null,
        0,
        null,
        null,
        null
      ],
      "/Users/nikhil/Desktop/rails/saas/app/controllers/application_controller.rb": [
        1,
        1,
        null,
        1,
        1,
        null,
        1,
        1,
        null,
        1,
        4,
        null,
        1,
        null,
        1,
        79,
        79,
        null,
        null,
        1,
        17,
        17,
        null,
        null,
        1,
        9,
        9,
        9,
        null,
        0,
        null,
        9,
        null,
        null,
        1,
        null,
        1,
        97,
        10,
        null,
        87,
        null,
        null,
        null
      ],
      "/Users/nikhil/Desktop/rails/saas/app/controllers/activity_controller.rb": [
        1,
        1,
        null,
        1,
        5,
        null,
        null,
        null,
        null,
        null,
        null,
        1,
        null,
        null
      ],
      "/Users/nikhil/Desktop/rails/saas/app/controllers/dates_controller.rb": [
        1,
        1,
        1,
        1,
        null,
        null
      ],
      "/Users/nikhil/Desktop/rails/saas/app/controllers/standups_controller.rb": [
        1,
        1,
        null,
        null,
        null,
        1,
        1,
        null,
        null,
        null,
        null,
        1,
        null,
        null,
        null,
        1,
        3,
        2,
        null,
        2,
        null,
        null,
        null,
        1,
        0,
        0,
        null,
        0,
        null,
        null,
        null,
        null,
        null,
        null,
        null,
        1,
        5,
        5,
        null,
        5,
        5,
        null,
        null,
        null,
        null,
        0,
        null,
        null,
        null,
        null,
        null,
        1,
        3,
        3,
        null,
        null,
        null,
        null,
        null,
        null,
        null,
        null,
        1,
        2,
        2,
        4,
        2,
        null,
        null,
        null,
        1,
        null,
        1,
        7,
        null,
        null,
        null,
        null,
        1,
        8,
        null,
        null,
        null,
        null,
        1,
        3,
        null,
        null,
        null,
        null,
        null,
        1,
        null,
        null,
        null,
        1,
        2,
        null,
        null,
        2,
        0,
        2,
        0,
        null,
        null,
        null
      ],
      "/Users/nikhil/Desktop/rails/saas/app/controllers/teams_controller.rb": [
        1,
        1,
        1,
        null,
        1,
        9,
        null,
        null,
        1,
        6,
        null,
        null,
        1,
        4,
        4,
        null,
        null,
        1,
        1,
        1,
        null,
        null,
        null,
        1,
        7,
        7,
        7,
        7,
        7,
        null,
        7,
        4,
        null,
        3,
        3,
        null,
        null,
        null,
        null,
        1,
        5,
        5,
        5,
        5,
        null,
        5,
        3,
        null,
        2,
        2,
        null,
        null,
        null,
        1,
        2,
        2,
        2,
        null,
        null,
        1,
        null,
        1,
        12,
        null,
        null,
        null,
        1,
        10,
        null,
        null,
        null,
        null,
        1,
        null,
        null,
        0,
        null,
        null,
        null,
        12,
        null,
        null,
        1,
        12,
        12,
        null,
        null,
        1,
        12,
        5,
        null,
        null,
        null,
        null,
        null,
        1,
        12,
        2,
        null,
        null,
        null,
        null,
        null,
        1,
        1,
        null,
        null
      ],
      "/Users/nikhil/Desktop/rails/saas/app/controllers/users_controller.rb": [
        1,
        1,
        1,
        1,
        null,
        1,
        null,
        null,
        1,
        5,
        5,
        null,
        null,
        1,
        5,
        null,
        null,
        1,
        5,
        null,
        null,
        1,
        5,
        null,
        null,
        1,
        4,
        4,
        4,
        2,
        2,
        2,
        null,
        null,
        null,
        4,
        null,
        null,
        null,
        null,
        1,
        4,
        4,
        4,
        2,
        2,
        null,
        null,
        null,
        4,
        null,
        null,
        null,
        null,
        1,
        5,
        5,
        5,
        null,
        5,
        5,
        5,
        2,
        2,
        2,
        null,
        null,
        null,
        3,
        6,
        null,
        null,
        0,
        0,
        null,
        null,
        null,
        null,
        1,
        4,
        4,
        2,
        2,
        null,
        null,
        null,
        2,
        4,
        null,
        null,
        null,
        null,
        1,
        1,
        1,
        1,
        1,
        null,
        null,
        1,
        null,
        null,
        null,
        1,
        1,
        1,
        null,
        null,
        null,
        null,
        null,
        null,
        1,
        null,
        null,
        1,
        16,
        null,
        null,
        1,
        10,
        null,
        null,
        1,
        15,
        15,
        15,
        null,
        null,
        1,
        20,
        null,
        null,
        1,
        4,
        null,
        null
      ],
      "/Users/nikhil/Desktop/rails/saas/app/models/account.rb": [
        1,
        1,
        1,
        null,
        1,
        1,
        null,
        1,
        null
      ],
      "/Users/nikhil/Desktop/rails/saas/app/models/blocker.rb": [
        1,
        null,
        null
      ],
      "/Users/nikhil/Desktop/rails/saas/app/models/task.rb": [
        1,
        1,
        1,
        null,
        1,
        1,
        null
      ],
      "/Users/nikhil/Desktop/rails/saas/app/models/days_of_the_week_membership.rb": [
        1,
        1,
        null,
        1,
        null,
        null
      ],
      "/Users/nikhil/Desktop/rails/saas/app/models/did.rb": [
        1,
        null,
        null
      ],
      "/Users/nikhil/Desktop/rails/saas/app/models/role.rb": [
        1,
        1,
        null,
        null,
        1,
        null,
        null,
        null,
        null,
        1,
        null,
        null,
        null,
        1,
        null
      ],
      "/Users/nikhil/Desktop/rails/saas/app/models/standup.rb": [
        1,
        1,
        1,
        null,
        1,
        null,
        1,
        1,
        1,
        2,
        null,
        null,
        1,
        null,
        null,
        null,
        null,
        1,
        12,
        null,
        null,
        1,
        null,
        null,
        null,
        1,
        2,
        null,
        null,
        null,
        1,
        null,
        null,
        null
      ],
      "/Users/nikhil/Desktop/rails/saas/app/models/team_membership.rb": [
        1,
        1,
        1,
        null
      ],
      "/Users/nikhil/Desktop/rails/saas/app/models/team.rb": [
        1,
        1,
        null,
        1,
        1,
        1,
        1,
        null,
        1,
        1,
        1,
        null
      ],
      "/Users/nikhil/Desktop/rails/saas/app/models/todo.rb": [
        1,
        null,
        null
      ],
      "/Users/nikhil/Desktop/rails/saas/app/models/ability.rb": [
        1,
        1,
        null,
        1,
        104,
        104,
        28,
        28,
        28,
        28,
        76,
        72,
        null,
        4,
        null,
        null,
        null
      ],
      "/Users/nikhil/Desktop/rails/saas/app/models/task_membership.rb": [
        1,
        1,
        1,
        null
      ],
      "/Users/nikhil/Desktop/rails/saas/app/controllers/registrations_controller.rb": [
        1,
        1,
        null,
        1,
        null,
        1,
        6,
        null,
        null,
        1,
        2,
        null,
        null
      ],
      "/Users/nikhil/Desktop/rails/saas/app/mailers/application_mailer.rb": [
        0,
        0,
        0,
        0
      ],
      "/Users/nikhil/Desktop/rails/saas/app/jobs/application_job.rb": [
        0,
        0
      ],
      "/Users/nikhil/Desktop/rails/saas/app/channels/application_cable/connection.rb": [
        0,
        0,
        0,
        0
      ],
      "/Users/nikhil/Desktop/rails/saas/app/channels/application_cable/channel.rb": [
        0,
        0,
        0,
        0
      ]
    },
    "timestamp": 1553612882
  }
}
