{
  "RSpec": {
    "coverage": {
      "/Users/nikhil/Desktop/rails/saas/app/models/user.rb": [
        1,
        1,
        1,
        null,
        null,
        1,
        null,
        null,
        1,
        null
      ],
      "/Users/nikhil/Desktop/rails/saas/app/models/application_record.rb": [
        1,
        1,
        null
      ],
      "/Users/nikhil/Desktop/rails/saas/app/models/concerns/friendlyable.rb": [
        1,
        1,
        null,
        1,
        1,
        1,
        1,
        null,
        null,
        1,
        35,
        35,
        35,
        null,
        null,
        35,
        null,
        35,
        null,
        null
      ],
      "/Users/nikhil/Desktop/rails/saas/app/helpers/accounts_helper.rb": [
        1,
        null
      ],
      "/Users/nikhil/Desktop/rails/saas/app/helpers/activity_helper.rb": [
        1,
        null
      ],
      "/Users/nikhil/Desktop/rails/saas/app/helpers/application_helper.rb": [
        1,
        1,
        null,
        null,
        null,
        null,
        null,
        9,
        null,
        null,
        1,
        null,
        15,
        9,
        9,
        null,
        9,
        9,
        null,
        null,
        null,
        null,
        null,
        null
      ],
      "/Users/nikhil/Desktop/rails/saas/app/helpers/devise_helper.rb": [
        1,
        1,
        4,
        null,
        4,
        1,
        null,
        null,
        null,
        1,
        null,
        null,
        null,
        null,
        null,
        null,
        1,
        null,
        null
      ],
      "/Users/nikhil/Desktop/rails/saas/app/helpers/users_helper.rb": [
        1,
        null
      ],
      "/Users/nikhil/Desktop/rails/saas/app/controllers/accounts_controller.rb": [
        1,
        1,
        4,
        4,
        null,
        null,
        1,
        4,
        4,
        2,
        2,
        2,
        2,
        null,
        2,
        null,
        null,
        null,
        1,
        1,
        4,
        null,
        null,
        null,
        null
      ],
      "/Users/nikhil/Desktop/rails/saas/app/controllers/application_controller.rb": [
        1,
        1,
        null,
        1,
        1,
        null,
        1,
        null,
        1,
        7,
        7,
        null,
        null,
        1,
        null,
        1,
        34,
        10,
        null,
        24,
        null,
        null,
        null
      ],
      "/Users/nikhil/Desktop/rails/saas/app/controllers/activity_controller.rb": [
        1,
        1,
        null,
        null,
        1,
        null,
        null
      ],
      "/Users/nikhil/Desktop/rails/saas/app/controllers/users_controller.rb": [
        1,
        1,
        1,
        null,
        1,
        null,
        null,
        1,
        2,
        2,
        null,
        null,
        1,
        2,
        null,
        null,
        1,
        1,
        null,
        null,
        1,
        1,
        null,
        null,
        1,
        2,
        2,
        2,
        1,
        1,
        1,
        null,
        null,
        null,
        2,
        null,
        null,
        null,
        null,
        1,
        2,
        2,
        2,
        1,
        1,
        null,
        null,
        null,
        2,
        null,
        null,
        null,
        null,
        1,
        3,
        3,
        3,
        null,
        3,
        3,
        3,
        1,
        1,
        1,
        null,
        null,
        null,
        2,
        4,
        null,
        null,
        0,
        0,
        null,
        null,
        null,
        null,
        1,
        2,
        2,
        1,
        1,
        null,
        null,
        null,
        1,
        2,
        null,
        null,
        null,
        null,
        1,
        1,
        1,
        1,
        1,
        null,
        null,
        1,
        null,
        null,
        null,
        1,
        null,
        null,
        1,
        3,
        null,
        null,
        1,
        5,
        null,
        null,
        1,
        7,
        7,
        7,
        null,
        null,
        1,
        8,
        null,
        null,
        1,
        2,
        null,
        null
      ],
      "/Users/nikhil/Desktop/rails/saas/app/models/account.rb": [
        1,
        1,
        1,
        null,
        1,
        null
      ],
      "/Users/nikhil/Desktop/rails/saas/app/models/role.rb": [
        1,
        1,
        null,
        null,
        1,
        null,
        null,
        null,
        null,
        1,
        null,
        null,
        null,
        1,
        null
      ],
      "/Users/nikhil/Desktop/rails/saas/app/controllers/registrations_controller.rb": [
        1,
        1,
        null,
        1,
        null,
        1,
        6,
        null,
        null,
        1,
        2,
        null,
        null
      ],
      "/Users/nikhil/Desktop/rails/saas/app/mailers/application_mailer.rb": [
        0,
        0,
        0,
        0
      ],
      "/Users/nikhil/Desktop/rails/saas/app/jobs/application_job.rb": [
        0,
        0
      ],
      "/Users/nikhil/Desktop/rails/saas/app/channels/application_cable/connection.rb": [
        0,
        0,
        0,
        0
      ],
      "/Users/nikhil/Desktop/rails/saas/app/channels/application_cable/channel.rb": [
        0,
        0,
        0,
        0
      ]
    },
    "timestamp": 1551654030
  }
}
